<?xml version="1.0" encoding="UTF-8"?>
<testsuite xmlns:xsi="http://www.w3.org/2001/XMLSchema-instance" xsi:noNamespaceSchemaLocation="https://maven.apache.org/surefire/maven-surefire-plugin/xsd/surefire-test-report-3.0.xsd" version="3.0" name="com.runners.TestRunner" time="4.141" tests="4" errors="0" skipped="0" failures="0">
  <properties>
[...]
</properties>
  <testcase name="Retrieve a specific message" classname="Message API Testing #1" time="2.821">
    <system-out><![CDATA[
@suitedetestgestionmessage
Scenario: Retrieve a specific message                          # src/test/resources/Features/GetMessageId.feature:7
  Given I have a valid message ID                              # com.stepsDefinitions.GetMessageId.i_have_a_valid_message_id()
HTTP/1.1 200 
Date: Sun, 09 Feb 2025 17:14:34 GMT
Content-Type: application/json
Transfer-Encoding: chunked
Connection: keep-alive
cf-cache-status: DYNAMIC
Report-To: {"endpoints":[{"url":"https:\/\/a.nel.cloudflare.com\/report\/v4?s=lLWbv3qdFYmPK7PG6cYZ%2B51gDbHufNpvO3Wfg9CwLBq%2Fo3IIaHzFBYk1kAEgfTY5ShkN1bvlRUsvZQTJ42bWParNMUCvemxeA1khLqM3vpfcw27DtKet42GwTeLfkbDwERzYHeaPrx%2BLcVS8Cg%3D%3D"}],"group":"cf-nel","max_age":604800}
NEL: {"success_fraction":0,"report_to":"cf-nel","max_age":604800}
Server: cloudflare
CF-RAY: 90f57f1ed917b75d-BRU
Content-Encoding: gzip
alt-svc: h3=":443"; ma=86400
server-timing: cfL4;desc="?proto=TCP&rtt=25149&min_rtt=23392&rtt_var=12287&sent=7&recv=6&lost=0&retrans=0&sent_bytes=3154&recv_bytes=774&delivery_rate=116299&cwnd=252&unsent_bytes=0&cid=ca5f6b12dc529e4c&ts=218&x=0"

{
    "messageid": 1,
    "name": "James Dean",
    "email": "james@email.com",
    "phone": "01402 619211",
    "subject": "Booking enquiry",
    "description": "I would like to book a room at your place"
}
  When I send a GET request to retrieve the message            # com.stepsDefinitions.GetMessageId.i_send_a_get_request_to_retrieve_the_message()
  Then the response should contain the correct message details # com.stepsDefinitions.GetMessageId.the_response_should_contain_the_correct_message_details()
]]></system-out>
    <system-err><![CDATA[SLF4J(W): No SLF4J providers were found.
SLF4J(W): Defaulting to no-operation (NOP) logger implementation
SLF4J(W): See https://www.slf4j.org/codes.html#noProviders for further details.
]]></system-err>
  </testcase>
  <testcase name="Get all messages" classname="Message API Testing #2" time="0.178">
    <system-out><![CDATA[
@suitedetestgestionmessage
Scenario Outline: Get all messages                   # src/test/resources/Features/GetMessages.feature:7
{"messages":[{"id":1,"name":"James Dean","subject":"Booking enquiry","read":false}]}
  When I send a GET request to fetch all messages    # com.stepsDefinitions.GetMessages.i_send_a_get_request_to_fetch_all_messages()
  Then the response status should be 200             # com.stepsDefinitions.GetMessages.the_response_status_should_be_200()
  And the response should contain a list of messages # com.stepsDefinitions.GetMessages.the_response_should_contain_a_list_of_messages()
]]></system-out>
  </testcase>
  <testcase name="Create a new message #1" classname="Message API Testing #3" time="0.192">
    <system-out><![CDATA[
@suitedetestgestionmessage
Scenario Outline: Create a new message                                                                                                                            # src/test/resources/Features/MessageController.feature:15
{"phone":"01234567890","subject":"New booking","name":"Jean Dupont","messageid":"1","description":"New booking room for B an B","email":"jeandupont@yahoo.fr"}
  Given I have a valid message payload with '1' and 'Jean Dupont' and 'jeandupont@yahoo.fr' and '01234567890' and 'New booking' and 'New booking room for B an B' # com.stepsDefinitions.MessageControler.i_have_a_valid_message_payload(java.lang.String,java.lang.String,java.lang.String,java.lang.String,java.lang.String,java.lang.String)
{"messageid":2,"name":"Jean Dupont","email":"jeandupont@yahoo.fr","phone":"01234567890","subject":"New booking","description":"New booking room for B an B"}
Response: {"messageid":2,"name":"Jean Dupont","email":"jeandupont@yahoo.fr","phone":"01234567890","subject":"New booking","description":"New booking room for B an B"}
  When I send a POST request to create a message                                                                                                                  # com.stepsDefinitions.MessageControler.i_send_a_post_request_to_create_a_message()
  Then the response status should be 201                                                                                                                          # com.stepsDefinitions.MessageControler.the_response_status_should_be_201()
]]></system-out>
  </testcase>
  <testcase name="Create a new message #2" classname="Message API Testing #3" time="0.159">
    <system-out><![CDATA[
@suitedetestgestionmessage
Scenario Outline: Create a new message                                                                                                                                 # src/test/resources/Features/MessageController.feature:16
{"phone":"09876543210","subject":"Cancelling","name":"Lisa Dean","messageid":"2","description":"Cancelling reservation for next week","email":"lisadean@gamil.com"}
  Given I have a valid message payload with '2' and 'Lisa Dean' and 'lisadean@gamil.com' and '09876543210' and 'Cancelling' and 'Cancelling reservation for next week' # com.stepsDefinitions.MessageControler.i_have_a_valid_message_payload(java.lang.String,java.lang.String,java.lang.String,java.lang.String,java.lang.String,java.lang.String)
{"messageid":3,"name":"Lisa Dean","email":"lisadean@gamil.com","phone":"09876543210","subject":"Cancelling","description":"Cancelling reservation for next week"}
Response: {"messageid":3,"name":"Lisa Dean","email":"lisadean@gamil.com","phone":"09876543210","subject":"Cancelling","description":"Cancelling reservation for next week"}
  When I send a POST request to create a message                                                                                                                       # com.stepsDefinitions.MessageControler.i_send_a_post_request_to_create_a_message()
  Then the response status should be 201                                                                                                                               # com.stepsDefinitions.MessageControler.the_response_status_should_be_201()
]]></system-out>
  </testcase>
</testsuite>