<?xml version="1.0" encoding="UTF-8"?>
<testsuite xmlns:xsi="http://www.w3.org/2001/XMLSchema-instance" xsi:noNamespaceSchemaLocation="https://maven.apache.org/surefire/maven-surefire-plugin/xsd/surefire-test-report-3.0.xsd" version="3.0" name="com.runners.TestRunner" time="6.865" tests="6" errors="0" skipped="0" failures="2">
  <properties>
[...]
</properties>
  <testcase name="Delete a message" classname="Message API Testing #1" time="3.586">
    <failure message="Expected status code 202 expected:&lt;202&gt; but was:&lt;403&gt;" type="java.lang.AssertionError"><![CDATA[java.lang.AssertionError: Expected status code 202 expected:<202> but was:<403>
	at org.junit.Assert.fail(Assert.java:89)
	at org.junit.Assert.failNotEquals(Assert.java:835)
	at org.junit.Assert.assertEquals(Assert.java:647)
	at com.stepsDefinitions.DeleteMessage.the_response_status_should_be_202(DeleteMessage.java:32)
	at ✽.the response status should be 202(file:///C:/Users/admin/eclipse-workspace/CucumberRestAssured/src/test/resources/Features/DeleteMessage.feature:10)
]]></failure>
    <system-out><![CDATA[
@suitedetestgestionmessage
Scenario Outline: Delete a message                   # src/test/resources/Features/DeleteMessage.feature:7
  Given I have a message ID to delete                # com.stepsDefinitions.DeleteMessage.i_have_a_message_id_to_delete()
HTTP/1.1 403 
Date: Sun, 09 Feb 2025 21:52:17 GMT
Content-Length: 0
Connection: keep-alive
cf-cache-status: DYNAMIC
Report-To: {"endpoints":[{"url":"https:\/\/a.nel.cloudflare.com\/report\/v4?s=P8a1yhF5kFOviGzQ%2FyfRSF%2BiGwZFvBNmthtsNWNOXy5g4%2F13dWAZA%2B0OMTQxx2HdF00msDENYzAHinHQDFU5K5uDcGnEjJRYthAckzcdyz3QNLgWcuuK8f1iYC22sfqyueWiAdAgeSVyUF6fFg%3D%3D"}],"group":"cf-nel","max_age":604800}
NEL: {"success_fraction":0,"report_to":"cf-nel","max_age":604800}
Server: cloudflare
CF-RAY: 90f715ec4dee6a8e-BRU
alt-svc: h3=":443"; ma=86400
server-timing: cfL4;desc="?proto=TCP&rtt=26413&min_rtt=23587&rtt_var=14498&sent=7&recv=6&lost=0&retrans=0&sent_bytes=3157&recv_bytes=777&delivery_rate=94287&cwnd=235&unsent_bytes=0&cid=7c0fb47554639b7e&ts=343&x=0"
  When I send a DELETE request to remove the message # com.stepsDefinitions.DeleteMessage.i_send_a_delete_request_to_remove_the_message()
  Then the response status should be 202             # com.stepsDefinitions.DeleteMessage.the_response_status_should_be_202()
      java.lang.AssertionError: Expected status code 202 expected:<202> but was:<403>
	at org.junit.Assert.fail(Assert.java:89)
	at org.junit.Assert.failNotEquals(Assert.java:835)
	at org.junit.Assert.assertEquals(Assert.java:647)
	at com.stepsDefinitions.DeleteMessage.the_response_status_should_be_202(DeleteMessage.java:32)
	at ✽.the response status should be 202(file:///C:/Users/admin/eclipse-workspace/CucumberRestAssured/src/test/resources/Features/DeleteMessage.feature:10)

  And the message should no longer exist             # com.stepsDefinitions.DeleteMessage.the_message_should_no_longer_exist()
]]></system-out>
    <system-err><![CDATA[SLF4J(W): No SLF4J providers were found.
SLF4J(W): Defaulting to no-operation (NOP) logger implementation
SLF4J(W): See https://www.slf4j.org/codes.html#noProviders for further details.
]]></system-err>
  </testcase>
  <testcase name="Get messages count" classname="Message API Testing #2" time="1.124">
    <system-out><![CDATA[
@suitedetestgestionmessage
Scenario Outline: Get messages count                    # src/test/resources/Features/GetMessageCount.feature:7
{"count":1}
  When I send a GET request to fetch number of messages # com.stepsDefinitions.GetMessageCount.i_send_a_get_request_to_fetch_number_of_messages()
  Then the response count status should be 200          # com.stepsDefinitions.GetMessageCount.the_response_count_status_should_be_200()
  And the response should containthe number of messages # com.stepsDefinitions.GetMessageCount.the_response_should_contain_a_number_of_messages()
]]></system-out>
  </testcase>
  <testcase name="Retrieve a specific message" classname="Message API Testing #3" time="0.241">
    <failure message="Expected status code 200 expected:&lt;200&gt; but was:&lt;500&gt;" type="java.lang.AssertionError"><![CDATA[java.lang.AssertionError: Expected status code 200 expected:<200> but was:<500>
	at org.junit.Assert.fail(Assert.java:89)
	at org.junit.Assert.failNotEquals(Assert.java:835)
	at org.junit.Assert.assertEquals(Assert.java:647)
	at com.stepsDefinitions.GetMessageId.the_response_should_contain_the_correct_message_details(GetMessageId.java:30)
	at ✽.the response should contain the correct message details(file:///C:/Users/admin/eclipse-workspace/CucumberRestAssured/src/test/resources/Features/GetMessageId.feature:10)
]]></failure>
    <system-out><![CDATA[
@suitedetestgestionmessage
Scenario Outline: Retrieve a specific message                  # src/test/resources/Features/GetMessageId.feature:7
  Given I have a valid message ID                              # com.stepsDefinitions.GetMessageId.i_have_a_valid_message_id()
HTTP/1.1 500 
Date: Sun, 09 Feb 2025 21:52:18 GMT
Content-Type: application/json
Transfer-Encoding: chunked
Connection: keep-alive
cf-cache-status: DYNAMIC
Report-To: {"endpoints":[{"url":"https:\/\/a.nel.cloudflare.com\/report\/v4?s=HeqjzGQFOAwojPl3jsPI4WXb3x9Jyk74sA%2B3OZMdBNUNKkGgIpzQYgRCmVTVFXbn7cNysUCxhLnCFRg3QYbYvUZ1Gtex3SEIv1hfVcxjy%2F5xN%2BSi9%2FJhIu%2BL2tHZ8FwpcjBrmhPXBeC0rHyxNg%3D%3D"}],"group":"cf-nel","max_age":604800}
NEL: {"success_fraction":0,"report_to":"cf-nel","max_age":604800}
Server: cloudflare
CF-RAY: 90f715f579a1b715-BRU
alt-svc: h3=":443"; ma=86400
server-timing: cfL4;desc="?proto=TCP&rtt=24665&min_rtt=23643&rtt_var=10911&sent=5&recv=5&lost=0&retrans=0&sent_bytes=3155&recv_bytes=774&delivery_rate=136877&cwnd=245&unsent_bytes=0&cid=d0520b584236b42d&ts=107&x=0"

{
    "timestamp": "2025-02-09T21:52:18.842+00:00",
    "status": 500,
    "error": "Internal Server Error",
    "path": "/message/1"
}
  When I send a GET request to retrieve the message            # com.stepsDefinitions.GetMessageId.i_send_a_get_request_to_retrieve_the_message()
  Then the response should contain the correct message details # com.stepsDefinitions.GetMessageId.the_response_should_contain_the_correct_message_details()
      java.lang.AssertionError: Expected status code 200 expected:<200> but was:<500>
	at org.junit.Assert.fail(Assert.java:89)
	at org.junit.Assert.failNotEquals(Assert.java:835)
	at org.junit.Assert.assertEquals(Assert.java:647)
	at com.stepsDefinitions.GetMessageId.the_response_should_contain_the_correct_message_details(GetMessageId.java:30)
	at ✽.the response should contain the correct message details(file:///C:/Users/admin/eclipse-workspace/CucumberRestAssured/src/test/resources/Features/GetMessageId.feature:10)

]]></system-out>
  </testcase>
  <testcase name="Get all messages" classname="Message API Testing #4" time="0.209">
    <system-out><![CDATA[
@suitedetestgestionmessage
Scenario Outline: Get all messages                   # src/test/resources/Features/GetMessages.feature:7
{"messages":[{"id":2,"name":"Lisa Dean","subject":"thank you for the nice room","read":false}]}
  When I send a GET request to fetch all messages    # com.stepsDefinitions.GetMessages.i_send_a_get_request_to_fetch_all_messages()
  Then the response status should be 200             # com.stepsDefinitions.GetMessages.the_response_status_should_be_200()
  And the response should contain a list of messages # com.stepsDefinitions.GetMessages.the_response_should_contain_a_list_of_messages()
]]></system-out>
  </testcase>
  <testcase name="Create a new message #1" classname="Message API Testing #5" time="0.267">
    <system-out><![CDATA[
@suitedetestgestionmessage
Scenario Outline: Create a new message                                                                                                                            # src/test/resources/Features/MessageController.feature:15
{"phone":"01234567890","subject":"New booking","name":"Jean Dupont","messageid":"1","description":"New booking room for B an B","email":"jeandupont@yahoo.fr"}
  Given I have a valid message payload with '1' and 'Jean Dupont' and 'jeandupont@yahoo.fr' and '01234567890' and 'New booking' and 'New booking room for B an B' # com.stepsDefinitions.MessageControler.i_have_a_valid_message_payload(java.lang.String,java.lang.String,java.lang.String,java.lang.String,java.lang.String,java.lang.String)
{"messageid":3,"name":"Jean Dupont","email":"jeandupont@yahoo.fr","phone":"01234567890","subject":"New booking","description":"New booking room for B an B"}
Response: {"messageid":3,"name":"Jean Dupont","email":"jeandupont@yahoo.fr","phone":"01234567890","subject":"New booking","description":"New booking room for B an B"}
  When I send a POST request to create a message                                                                                                                  # com.stepsDefinitions.MessageControler.i_send_a_post_request_to_create_a_message()
  Then the response status should be 201                                                                                                                          # com.stepsDefinitions.MessageControler.the_response_status_should_be_201()
]]></system-out>
  </testcase>
  <testcase name="Create a new message #2" classname="Message API Testing #5" time="0.207">
    <system-out><![CDATA[
@suitedetestgestionmessage
Scenario Outline: Create a new message                                                                                                                                 # src/test/resources/Features/MessageController.feature:16
{"phone":"09876543210","subject":"Cancelling","name":"Lisa Dean","messageid":"2","description":"Cancelling reservation for next week","email":"lisadean@gamil.com"}
  Given I have a valid message payload with '2' and 'Lisa Dean' and 'lisadean@gamil.com' and '09876543210' and 'Cancelling' and 'Cancelling reservation for next week' # com.stepsDefinitions.MessageControler.i_have_a_valid_message_payload(java.lang.String,java.lang.String,java.lang.String,java.lang.String,java.lang.String,java.lang.String)
{"messageid":4,"name":"Lisa Dean","email":"lisadean@gamil.com","phone":"09876543210","subject":"Cancelling","description":"Cancelling reservation for next week"}
Response: {"messageid":4,"name":"Lisa Dean","email":"lisadean@gamil.com","phone":"09876543210","subject":"Cancelling","description":"Cancelling reservation for next week"}
  When I send a POST request to create a message                                                                                                                       # com.stepsDefinitions.MessageControler.i_send_a_post_request_to_create_a_message()
  Then the response status should be 201                                                                                                                               # com.stepsDefinitions.MessageControler.the_response_status_should_be_201()
]]></system-out>
  </testcase>
</testsuite>